node.exe : npm verbose cli C:\Program Files\nodejs\node.exe C:\Program Files\nodejs\node_modules\npm\bin\npm-cli.js
No linha:1 caractere:1
+ & "C:\Program Files\nodejs/node.exe" "C:\Program Files\nodejs/node_mo ...
+ ~~~~~~~~~~~~~~~~~~~~~~~~~~~~~~~~~~~~~~~~~~~~~~~~~~~~~~~~~~~~~~~~~~~~~
    + CategoryInfo          : NotSpecified: (npm verbose cli...\bin\npm-cli.js:String) [], RemoteException
    + FullyQualifiedErrorId : NativeCommandError
 
npm info using npm@11.6.1
npm info using node@v24.10.0
npm verbose title npm exec lerna run compile --stream --loglevel verbose
npm verbose argv "exec" "--" "lerna" "run" "compile" "--stream" "--loglevel" "verbose"
npm verbose logfile logs-max:10 dir:C:\Users\RENATOINSIDECODE\AppData\Local\npm-cache\_logs\2025-10-20T01_27_34_136Z-
npm verbose logfile C:\Users\RENATOINSIDECODE\AppData\Local\npm-cache\_logs\2025-10-20T01_27_34_136Z-debug-0.log
lerna notice cli v7.4.2
lerna verb packageConfigs Resolving packages based on package.json "workspaces" configuration.
lerna verb rootPath G:\repo\cloud-ide-desktop\aethel_theia_fork
lerna ERR! Error: GenericFailure
lerna ERR!     at getNxWorkspaceFilesFromContext 
(G:\repo\cloud-ide-desktop\aethel_theia_fork\node_modules\nx\src\utils\workspace-context.js:16:29)
lerna ERR!     at retrieveWorkspaceFiles 
(G:\repo\cloud-ide-desktop\aethel_theia_fork\node_modules\nx\src\project-graph\utils\retrieve-workspace-files.js:26:138)
lerna ERR!     at async buildProjectGraphWithoutDaemon 
(G:\repo\cloud-ide-desktop\aethel_theia_fork\node_modules\nx\src\project-graph\project-graph.js:65:82)
lerna ERR!     at async createProjectGraphAsync 
(G:\repo\cloud-ide-desktop\aethel_theia_fork\node_modules\nx\src\project-graph\project-graph.js:116:25)
lerna ERR!     at async detectProjects 
(G:\repo\cloud-ide-desktop\aethel_theia_fork\node_modules\lerna\dist\index.js:1455:25)
lerna ERR! lerna GenericFailure
npm verbose cwd G:\repo\cloud-ide-desktop\aethel_theia_fork
npm verbose os Windows_NT 10.0.19045
npm verbose node v24.10.0
npm verbose npm  v11.6.1
npm verbose exit 1
npm verbose code 1
