node.exe : npm verbose cli C:\Program Files\nodejs\node.exe C:\Program Files\nodejs\node_modules\npm\bin\npm-cli.js
No linha:1 caractere:1
+ & "C:\Program Files\nodejs/node.exe" "C:\Program Files\nodejs/node_mo ...
+ ~~~~~~~~~~~~~~~~~~~~~~~~~~~~~~~~~~~~~~~~~~~~~~~~~~~~~~~~~~~~~~~~~~~~~
    + CategoryInfo          : NotSpecified: (npm verbose cli...\bin\npm-cli.js:String) [], RemoteException
    + FullyQualifiedErrorId : NativeCommandError
 
npm info using npm@11.6.1
npm info using node@v24.10.0
npm verbose title npm exec lerna run compile --stream
npm verbose argv "exec" "--" "lerna" "run" "compile" "--stream"
npm verbose logfile logs-max:10 dir:C:\Users\RENATOINSIDECODE\AppData\Local\npm-cache\_logs\2025-10-20T01_35_13_653Z-
npm verbose logfile C:\Users\RENATOINSIDECODE\AppData\Local\npm-cache\_logs\2025-10-20T01_35_13_653Z-debug-0.log
lerna notice cli v7.4.2
lerna ERR! Error: UnexpectedEndOfString in 
G:\repo\cloud-ide-desktop\aethel_theia_fork\packages\aethel-python-pack\package.json at 18:20
lerna ERR!   16 |     "scripts": {
lerna ERR!   17 |         "clean": "rimraf out",
lerna ERR! > 18 |         "compile": "node -e \"const fs=require('fs');const cp=require('child_process'); 
if(fs.existsSync('src')){cp.execSync('tsc -p ./',{stdio:'inherit'})} else {console.log('no TS sources for 
aethel-python-pack')}}\",
lerna ERR!      |                    ^^^^^^^^^^^^^^^^^^^^^^^^^^^^^^^^^^^^^^^^^^^^^^^^^^^^^^^^^^^^^^^^^^^^^^^^^^^^^^^^^^^^^
^^^^^^^^^^^^^^^^^^^^^^^^^^^^^^^^^^^^^^^^^^^^^^^^^^^^^^^^^^^^^^^^^^^^^^^^^^^^^^^^^^^^^^^^^^^^^^^^^^^^^^^^^^^^^^^^^^^
lerna ERR!   19 |         "watch": "node -e \"const fs=require('fs');const cp=require('child_process'); 
if(fs.existsSync('src')){cp.execSync('tsc -watch -p ./',{stdio:'inherit'})} else {console.log('no TS sources for 
aethel-python-pack (watch skipped)')}}\"
lerna ERR!   20 |     },
lerna ERR!   21 |     "dependencies": {
lerna ERR! 
lerna ERR!     at parseJson (G:\repo\cloud-ide-desktop\aethel_theia_fork\node_modules\nx\src\utils\json.js:25:15)
lerna ERR!     at readJsonFile (G:\repo\cloud-ide-desktop\aethel_theia_fork\node_modules\nx\src\utils\fileutils.js:22:37)
lerna ERR!     at createNodeFromPackageJson 
(G:\repo\cloud-ide-desktop\aethel_theia_fork\node_modules\nx\plugins\package-json-workspaces.js:26:47)
lerna ERR!     at createNodes 
(G:\repo\cloud-ide-desktop\aethel_theia_fork\node_modules\nx\plugins\package-json-workspaces.js:20:20)
lerna ERR!     at buildProjectsConfigurationsFromProjectPathsAndPlugins 
(G:\repo\cloud-ide-desktop\aethel_theia_fork\node_modules\nx\src\project-graph\utils\project-configuration-utils.js:68:88)
lerna ERR!     at createProjectConfigurations 
(G:\repo\cloud-ide-desktop\aethel_theia_fork\node_modules\nx\src\project-graph\utils\retrieve-workspace-files.js:131:129)
lerna ERR!     at WorkspaceContext.<anonymous> 
(G:\repo\cloud-ide-desktop\aethel_theia_fork\node_modules\nx\src\project-graph\utils\retrieve-workspace-files.js:82:39)
lerna ERR!     at getProjectConfigurationsFromContext 
(G:\repo\cloud-ide-desktop\aethel_theia_fork\node_modules\nx\src\utils\workspace-context.js:26:29)
lerna ERR!     at _retrieveProjectConfigurations 
(G:\repo\cloud-ide-desktop\aethel_theia_fork\node_modules\nx\src\project-graph\utils\retrieve-workspace-files.js:81:72)
lerna ERR! lerna UnexpectedEndOfString in 
G:\repo\cloud-ide-desktop\aethel_theia_fork\packages\aethel-python-pack\package.json at 18:20
lerna ERR! lerna   16 |     "scripts": {
lerna ERR! lerna   17 |         "clean": "rimraf out",
lerna ERR! lerna > 18 |         "compile": "node -e \"const fs=require('fs');const cp=require('child_process'); 
if(fs.existsSync('src')){cp.execSync('tsc -p ./',{stdio:'inherit'})} else {console.log('no TS sources for 
aethel-python-pack')}}\",
lerna ERR! lerna      |                    ^^^^^^^^^^^^^^^^^^^^^^^^^^^^^^^^^^^^^^^^^^^^^^^^^^^^^^^^^^^^^^^^^^^^^^^^^^^^^^^
^^^^^^^^^^^^^^^^^^^^^^^^^^^^^^^^^^^^^^^^^^^^^^^^^^^^^^^^^^^^^^^^^^^^^^^^^^^^^^^^^^^^^^^^^^^^^^^^^^^^^^^^^^^^^^^^^^^^^^^^^
lerna ERR! lerna   19 |         "watch": "node -e \"const fs=require('fs');const cp=require('child_process'); 
if(fs.existsSync('src')){cp.execSync('tsc -watch -p ./',{stdio:'inherit'})} else {console.log('no TS sources for 
aethel-python-pack (watch skipped)')}}\"
lerna ERR! lerna   20 |     },
lerna ERR! lerna   21 |     "dependencies": {
lerna ERR! lerna 
lerna ERR! lerna 
lerna ERR! lerna Because of the error the Nx daemon process has exited. The next Nx command is going to restart the 
daemon process.
lerna ERR! lerna If the error persists, please run "nx reset".
npm verbose cwd G:\repo\cloud-ide-desktop\aethel_theia_fork
npm verbose os Windows_NT 10.0.19045
npm verbose node v24.10.0
npm verbose npm  v11.6.1
npm verbose exit 1
npm verbose code 1
