0 silly argv {
0 silly argv   _: [ 'run' ],
0 silly argv   stream: true,
0 silly argv   lernaVersion: '7.4.2',
0 silly argv   '$0': 'node_modules\\lerna\\dist\\cli.js',
0 silly argv   script: 'compile'
0 silly argv }
1 notice cli v7.4.2
2 verbose packageConfigs Resolving packages based on package.json "workspaces" configuration.
3 verbose rootPath G:\repo\cloud-ide-desktop\aethel_theia_fork
4 error Error: InvalidSymbol in G:\repo\cloud-ide-desktop\aethel_theia_fork\packages\aethel-python-pack\package.json at 1:1
4 error > 1 | ﻿{
4 error     | ^
4 error   2 |   "name": "aethel-python-pack",
4 error   3 |   "publisher": "aethel",
4 error   4 |   "version": "1.0.0",
4 error
4 error     at parseJson (G:\repo\cloud-ide-desktop\aethel_theia_fork\node_modules\nx\src\utils\json.js:25:15)
4 error     at readJsonFile (G:\repo\cloud-ide-desktop\aethel_theia_fork\node_modules\nx\src\utils\fileutils.js:22:37)
4 error     at createNodeFromPackageJson (G:\repo\cloud-ide-desktop\aethel_theia_fork\node_modules\nx\plugins\package-json-workspaces.js:26:47)
4 error     at createNodes (G:\repo\cloud-ide-desktop\aethel_theia_fork\node_modules\nx\plugins\package-json-workspaces.js:20:20)
4 error     at buildProjectsConfigurationsFromProjectPathsAndPlugins (G:\repo\cloud-ide-desktop\aethel_theia_fork\node_modules\nx\src\project-graph\utils\project-configuration-utils.js:68:88)
4 error     at createProjectConfigurations (G:\repo\cloud-ide-desktop\aethel_theia_fork\node_modules\nx\src\project-graph\utils\retrieve-workspace-files.js:131:129)
4 error     at WorkspaceContext.<anonymous> (G:\repo\cloud-ide-desktop\aethel_theia_fork\node_modules\nx\src\project-graph\utils\retrieve-workspace-files.js:82:39)
4 error     at getProjectConfigurationsFromContext (G:\repo\cloud-ide-desktop\aethel_theia_fork\node_modules\nx\src\utils\workspace-context.js:26:29)
4 error     at _retrieveProjectConfigurations (G:\repo\cloud-ide-desktop\aethel_theia_fork\node_modules\nx\src\project-graph\utils\retrieve-workspace-files.js:81:72)
