yarn run v1.22.22
$ npm run compile && npm run build:applications --silent
yarn : npm verbose cli C:\Program Files\nodejs\node.exe C:\Program Files\nodejs\node_modules\npm\bin\npm-cli.js
No linha:1 caractere:97
+ ...  $env:NPM_CONFIG_LOGLEVEL='verbose'; yarn build --silent 2>&1 | Out-F ...
+                                          ~~~~~~~~~~~~~~~~~~~~~~~~
    + CategoryInfo          : NotSpecified: (npm verbose cli...\bin\npm-cli.js:String) [], RemoteException
    + FullyQualifiedErrorId : NativeCommandError
 
npm info using npm@11.6.1
npm info using node@v24.10.0
npm warn Unknown env config "argv". This will stop working in the next major version of npm.
npm warn Unknown env config "version-commit-hooks". This will stop working in the next major version of npm.
npm warn Unknown env config "version-git-message". This will stop working in the next major version of npm.
npm warn Unknown env config "version-git-tag". This will stop working in the next major version of npm.
npm warn Unknown env config "version-tag-prefix". This will stop working in the next major version of npm.
npm verbose title npm run compile
npm verbose argv "run" "compile"
npm verbose logfile logs-max:10 dir:C:\Users\RENATOINSIDECODE\AppData\Local\npm-cache\_logs\2025-10-20T01_27_11_057Z-
npm verbose logfile C:\Users\RENATOINSIDECODE\AppData\Local\npm-cache\_logs\2025-10-20T01_27_11_057Z-debug-0.log

> @theia/monorepo@0.0.0 compile
> lerna run compile

lerna notice cli v7.4.2
lerna ERR! Error: GenericFailure
lerna ERR!     at getNxWorkspaceFilesFromContext 
(G:\repo\cloud-ide-desktop\aethel_theia_fork\node_modules\nx\src\utils\workspace-context.js:16:29)
lerna ERR!     at retrieveWorkspaceFiles 
(G:\repo\cloud-ide-desktop\aethel_theia_fork\node_modules\nx\src\project-graph\utils\retrieve-workspace-files.js:26:138)
lerna ERR!     at async buildProjectGraphWithoutDaemon 
(G:\repo\cloud-ide-desktop\aethel_theia_fork\node_modules\nx\src\project-graph\project-graph.js:65:82)
lerna ERR!     at async createProjectGraphAsync 
(G:\repo\cloud-ide-desktop\aethel_theia_fork\node_modules\nx\src\project-graph\project-graph.js:116:25)
lerna ERR!     at async detectProjects 
(G:\repo\cloud-ide-desktop\aethel_theia_fork\node_modules\lerna\dist\index.js:1455:25)
lerna ERR! lerna GenericFailure
npm verbose cwd G:\repo\cloud-ide-desktop\aethel_theia_fork
npm verbose os Windows_NT 10.0.19045
npm verbose node v24.10.0
npm verbose npm  v11.6.1
npm verbose exit 1
npm verbose code 1
error Command failed with exit code 1.
info Visit https://yarnpkg.com/en/docs/cli/run for documentation about this command.
